[0804/105656.920:ERROR:process_info.cc(359)] UncheckedAllocate
[0804/110813.982:ERROR:process_info.cc(359)] UncheckedAllocate
[0804/110814.037:ERROR:process_info.cc(359)] UncheckedAllocate
[0814/174704.447:ERROR:process_info.cc(359)] UncheckedAllocate
[0814/174704.795:ERROR:process_memory_win.cc(73)] ReadMemory at 0x7ff7659c0000 of 64 bytes failed: Only part of a ReadProcessMemory or WriteProcessMemory request was completed. (0x12B)
[0814/174704.798:WARNING:pe_image_reader.cc(340)] could not read dos header from C:\Program Files (x86)\Google\Chrome\Application\chrome.exe
[0814/174704.799:ERROR:process_memory_win.cc(73)] ReadMemory at 0x7ffd03920000 of 64 bytes failed: Only part of a ReadProcessMemory or WriteProcessMemory request was completed. (0x12B)
[0814/174704.822:WARNING:pe_image_reader.cc(340)] could not read dos header from C:\WINDOWS\SYSTEM32\ntdll.dll
[0814/174704.822:ERROR:process_memory_win.cc(73)] ReadMemory at 0x7ffd03650000 of 64 bytes failed: Only part of a ReadProcessMemory or WriteProcessMemory request was completed. (0x12B)
[0814/174704.822:WARNING:pe_image_reader.cc(340)] could not read dos header from C:\WINDOWS\System32\KERNEL32.DLL
[0814/174704.822:ERROR:process_memory_win.cc(73)] ReadMemory at 0x7ffd00b90000 of 64 bytes failed: Only part of a ReadProcessMemory or WriteProcessMemory request was completed. (0x12B)
[0814/174704.822:WARNING:pe_image_reader.cc(340)] could not read dos header from C:\WINDOWS\System32\KERNELBASE.dll
[0814/174704.822:ERROR:process_memory_win.cc(73)] ReadMemory at 0x7ffccd4b0000 of 64 bytes failed: Only part of a ReadProcessMemory or WriteProcessMemory request was completed. (0x12B)
[0814/174704.822:WARNING:pe_image_reader.cc(340)] could not read dos header from C:\Program Files (x86)\Google\Chrome\Application\84.0.4147.125\chrome_elf.dll
[0814/174704.822:ERROR:process_memory_win.cc(73)] ReadMemory at 0x7ffcf9ca0000 of 64 bytes failed: Only part of a ReadProcessMemory or WriteProcessMemory request was completed. (0x12B)
[0814/174704.822:WARNING:pe_image_reader.cc(340)] could not read dos header from C:\WINDOWS\SYSTEM32\VERSION.dll
[0814/174704.822:ERROR:process_memory_win.cc(73)] ReadMemory at 0x7ffd025e0000 of 64 bytes failed: Only part of a ReadProcessMemory or WriteProcessMemory request was completed. (0x12B)
[0814/174704.822:WARNING:pe_image_reader.cc(340)] could not read dos header from C:\WINDOWS\System32\msvcrt.dll
[0814/174704.822:ERROR:process_memory_win.cc(73)] ReadMemory at 0x7ffd00e40000 of 64 bytes failed: Only part of a ReadProcessMemory or WriteProcessMemory request was completed. (0x12B)
[0814/174704.822:WARNING:pe_image_reader.cc(340)] could not read dos header from C:\WINDOWS\System32\bcryptPrimitives.dll
[0814/174704.822:ERROR:process_memory_win.cc(73)] ReadMemory at 0x7ffd02fa0000 of 64 bytes failed: Only part of a ReadProcessMemory or WriteProcessMemory request was completed. (0x12B)
[0814/174704.822:WARNING:pe_image_reader.cc(340)] could not read dos header from C:\WINDOWS\System32\ADVAPI32.dll
[0814/174704.822:ERROR:process_memory_win.cc(73)] ReadMemory at 0x7ffd03840000 of 64 bytes failed: Only part of a ReadProcessMemory or WriteProcessMemory request was completed. (0x12B)
[0814/174704.822:WARNING:pe_image_reader.cc(340)] could not read dos header from C:\WINDOWS\System32\sechost.dll
[0814/174704.822:ERROR:process_memory_win.cc(73)] ReadMemory at 0x7ffd03050000 of 64 bytes failed: Only part of a ReadProcessMemory or WriteProcessMemory request was completed. (0x12B)
[0814/174704.822:WARNING:pe_image_reader.cc(340)] could not read dos header from C:\WINDOWS\System32\RPCRT4.dll
[0814/174704.822:ERROR:process_memory_win.cc(73)] ReadMemory at 0x7ffc9a780000 of 64 bytes failed: Only part of a ReadProcessMemory or WriteProcessMemory request was completed. (0x12B)
[0814/174704.822:WARNING:pe_image_reader.cc(340)] could not read dos header from C:\Program Files (x86)\Google\Chrome\Application\84.0.4147.125\chrome.dll
[0814/174704.822:ERROR:process_memory_win.cc(73)] ReadMemory at 0x7ffd02f30000 of 64 bytes failed: Only part of a ReadProcessMemory or WriteProcessMemory request was completed. (0x12B)
[0814/174704.822:WARNING:pe_image_reader.cc(340)] could not read dos header from C:\WINDOWS\System32\WS2_32.dll
[0814/174704.822:ERROR:process_memory_win.cc(73)] ReadMemory at 0x7ffd02880000 of 64 bytes failed: Only part of a ReadProcessMemory or WriteProcessMemory request was completed. (0x12B)
[0814/174704.822:WARNING:pe_image_reader.cc(340)] could not read dos header from C:\WINDOWS\System32\OLEAUT32.dll
[0814/174704.822:ERROR:process_memory_win.cc(73)] ReadMemory at 0x7ffd008a0000 of 64 bytes failed: Only part of a ReadProcessMemory or WriteProcessMemory request was completed. (0x12B)
[0814/174704.822:WARNING:pe_image_reader.cc(340)] could not read dos header from C:\WINDOWS\System32\msvcp_win.dll
[0814/174704.822:ERROR:process_memory_win.cc(73)] ReadMemory at 0x7ffd00940000 of 64 bytes failed: Only part of a ReadProcessMemory or WriteProcessMemory request was completed. (0x12B)
[0814/174704.822:WARNING:pe_image_reader.cc(340)] could not read dos header from C:\WINDOWS\System32\ucrtbase.dll
[0814/174704.822:ERROR:process_memory_win.cc(73)] ReadMemory at 0x7ffd01a80000 of 64 bytes failed: Only part of a ReadProcessMemory or WriteProcessMemory request was completed. (0x12B)
[0814/174704.822:WARNING:pe_image_reader.cc(340)] could not read dos header from C:\WINDOWS\System32\combase.dll
[0814/174704.822:ERROR:process_memory_win.cc(73)] ReadMemory at 0x7ffd01810000 of 64 bytes failed: Only part of a ReadProcessMemory or WriteProcessMemory request was completed. (0x12B)
[0814/174704.822:WARNING:pe_image_reader.cc(340)] could not read dos header from C:\WINDOWS\System32\WINTRUST.dll
[0814/174704.822:ERROR:process_memory_win.cc(73)] ReadMemory at 0x7ffd00830000 of 64 bytes failed: Only part of a ReadProcessMemory or WriteProcessMemory request was completed. (0x12B)
[0814/174704.822:WARNING:pe_image_reader.cc(340)] could not read dos header from C:\WINDOWS\System32\MSASN1.dll
[0814/174704.822:ERROR:process_memory_win.cc(73)] ReadMemory at 0x7ffd00a40000 of 64 bytes failed: Only part of a ReadProcessMemory or WriteProcessMemory request was completed. (0x12B)
[0814/174704.823:WARNING:pe_image_reader.cc(340)] could not read dos header from C:\WINDOWS\System32\CRYPT32.dll
[0814/174704.823:ERROR:process_memory_win.cc(73)] ReadMemory at 0x7ffcffd50000 of 64 bytes failed: Only part of a ReadProcessMemory or WriteProcessMemory request was completed. (0x12B)
[0814/174704.823:WARNING:pe_image_reader.cc(340)] could not read dos header from C:\WINDOWS\SYSTEM32\IPHLPAPI.DLL
[0814/174704.823:ERROR:process_memory_win.cc(73)] ReadMemory at 0x7ffcfe860000 of 64 bytes failed: Only part of a ReadProcessMemory or WriteProcessMemory request was completed. (0x12B)
[0814/174704.823:WARNING:pe_image_reader.cc(340)] could not read dos header from C:\WINDOWS\SYSTEM32\WINMM.dll
[0814/174704.823:ERROR:process_memory_win.cc(73)] ReadMemory at 0x7ffcedad0000 of 64 bytes failed: Only part of a ReadProcessMemory or WriteProcessMemory request was completed. (0x12B)
[0814/174704.823:WARNING:pe_image_reader.cc(340)] could not read dos header from C:\WINDOWS\SYSTEM32\Secur32.dll
[0814/174704.823:ERROR:process_memory_win.cc(73)] ReadMemory at 0x7ffd006f0000 of 64 bytes failed: Only part of a ReadProcessMemory or WriteProcessMemory request was completed. (0x12B)
[0814/174704.823:WARNING:pe_image_reader.cc(340)] could not read dos header from C:\WINDOWS\SYSTEM32\USERENV.dll
[0814/174704.823:ERROR:process_memory_win.cc(73)] ReadMemory at 0x7ffd00870000 of 64 bytes failed: Only part of a ReadProcessMemory or WriteProcessMemory request was completed. (0x12B)
[0814/174704.823:WARNING:pe_image_reader.cc(340)] could not read dos header from C:\WINDOWS\System32\profapi.dll
[0814/174704.823:ERROR:process_memory_win.cc(73)] ReadMemory at 0x7ffccbb40000 of 64 bytes failed: Only part of a ReadProcessMemory or WriteProcessMemory request was completed. (0x12B)
[0814/174704.823:WARNING:pe_image_reader.cc(340)] could not read dos header from C:\WINDOWS\SYSTEM32\UIAutomationCore.DLL
[0814/174704.823:ERROR:process_memory_win.cc(73)] ReadMemory at 0x7ffcc8fd0000 of 64 bytes failed: Only part of a ReadProcessMemory or WriteProcessMemory request was completed. (0x12B)
[0814/174704.823:WARNING:pe_image_reader.cc(340)] could not read dos header from C:\WINDOWS\SYSTEM32\DWrite.dll
[0814/174704.823:ERROR:process_memory_win.cc(73)] ReadMemory at 0x7ffcf0af0000 of 64 bytes failed: Only part of a ReadProcessMemory or WriteProcessMemory request was completed. (0x12B)
[0814/174704.823:WARNING:pe_image_reader.cc(340)] could not read dos header from C:\WINDOWS\SYSTEM32\WINSPOOL.DRV
[0814/174704.823:ERROR:process_memory_win.cc(73)] ReadMemory at 0x7ffd00850000 of 64 bytes failed: Only part of a ReadProcessMemory or WriteProcessMemory request was completed. (0x12B)
[0814/174704.823:WARNING:pe_image_reader.cc(340)] could not read dos header from C:\WINDOWS\System32\kernel.appcore.dll
[0814/174704.823:ERROR:process_memory_win.cc(73)] ReadMemory at 0x7ffd019a0000 of 64 bytes failed: Only part of a ReadProcessMemory or WriteProcessMemory request was completed. (0x12B)
[0814/174704.823:WARNING:pe_image_reader.cc(340)] could not read dos header from C:\WINDOWS\System32\bcrypt.dll
[0814/174704.823:ERROR:process_memory_win.cc(73)] ReadMemory at 0x7ffcf8600000 of 64 bytes failed: Only part of a ReadProcessMemory or WriteProcessMemory request was completed. (0x12B)
[0814/174704.823:WARNING:pe_image_reader.cc(340)] could not read dos header from C:\WINDOWS\SYSTEM32\dbghelp.dll
[0814/174704.823:ERROR:process_memory_win.cc(73)] ReadMemory at 0x7ffcf2cd0000 of 64 bytes failed: Only part of a ReadProcessMemory or WriteProcessMemory request was completed. (0x12B)
[0814/174704.823:WARNING:pe_image_reader.cc(340)] could not read dos header from C:\WINDOWS\SYSTEM32\WINHTTP.dll
[0814/174704.823:ERROR:process_memory_win.cc(73)] ReadMemory at 0x7ffcf9fb0000 of 64 bytes failed: Only part of a ReadProcessMemory or WriteProcessMemory request was completed. (0x12B)
[0814/174704.823:WARNING:pe_image_reader.cc(340)] could not read dos header from C:\WINDOWS\SYSTEM32\dhcpcsvc.DLL
[0814/174704.824:ERROR:process_memory_win.cc(73)] ReadMemory at 0x7ffd02ab0000 of 64 bytes failed: Only part of a ReadProcessMemory or WriteProcessMemory request was completed. (0x12B)
[0814/174704.824:WARNING:pe_image_reader.cc(340)] could not read dos header from C:\WINDOWS\System32\NSI.dll
[0814/174704.824:ERROR:process_memory_win.cc(73)] ReadMemory at 0x7ffcfe830000 of 64 bytes failed: Only part of a ReadProcessMemory or WriteProcessMemory request was completed. (0x12B)
[0814/174704.824:WARNING:pe_image_reader.cc(340)] could not read dos header from C:\WINDOWS\SYSTEM32\WINMMBASE.dll
[0814/174704.824:ERROR:process_memory_win.cc(73)] ReadMemory at 0x7ffd01920000 of 64 bytes failed: Only part of a ReadProcessMemory or WriteProcessMemory request was completed. (0x12B)
[0814/174704.824:WARNING:pe_image_reader.cc(340)] could not read dos header from C:\WINDOWS\System32\cfgmgr32.dll
[0814/174704.824:ERROR:process_memory_win.cc(73)] ReadMemory at 0x7ffcfcec0000 of 64 bytes failed: Only part of a ReadProcessMemory or WriteProcessMemory request was completed. (0x12B)
[0814/174704.824:WARNING:pe_image_reader.cc(340)] could not read dos header from C:\WINDOWS\SYSTEM32\PROPSYS.dll
[0814/174704.824:ERROR:process_memory_win.cc(73)] ReadMemory at 0x7ffd032b0000 of 64 bytes failed: Only part of a ReadProcessMemory or WriteProcessMemory request was completed. (0x12B)
[0814/174704.824:WARNING:pe_image_reader.cc(340)] could not read dos header from C:\WINDOWS\System32\shcore.dll
[0814/174704.824:ERROR:process_memory_win.cc(73)] ReadMemory at 0x7ffd006c0000 of 64 bytes failed: Only part of a ReadProcessMemory or WriteProcessMemory request was completed. (0x12B)
[0814/174704.824:WARNING:pe_image_reader.cc(340)] could not read dos header from C:\WINDOWS\SYSTEM32\SSPICLI.DLL
[0814/174704.824:ERROR:process_memory_win.cc(73)] ReadMemory at 0x7ffd00210000 of 64 bytes failed: Only part of a ReadProcessMemory or WriteProcessMemory request was completed. (0x12B)
[0814/174704.824:WARNING:pe_image_reader.cc(340)] could not read dos header from C:\WINDOWS\SYSTEM32\CRYPTBASE.DLL
[0814/174704.826:ERROR:process_memory_win.cc(73)] ReadMemory at 0x7ff7659c0000 of 64 bytes failed: Only part of a ReadProcessMemory or WriteProcessMemory request was completed. (0x12B)
[0814/174704.826:WARNING:pe_image_reader.cc(340)] could not read dos header from C:\Program Files (x86)\Google\Chrome\Application\chrome.exe
[0814/174704.826:ERROR:process_memory_win.cc(73)] ReadMemory at 0x7ffd03920000 of 64 bytes failed: Only part of a ReadProcessMemory or WriteProcessMemory request was completed. (0x12B)
[0814/174704.826:WARNING:pe_image_reader.cc(340)] could not read dos header from C:\WINDOWS\SYSTEM32\ntdll.dll
[0814/174704.826:ERROR:process_memory_win.cc(73)] ReadMemory at 0x7ffd03650000 of 64 bytes failed: Only part of a ReadProcessMemory or WriteProcessMemory request was completed. (0x12B)
[0814/174704.826:WARNING:pe_image_reader.cc(340)] could not read dos header from C:\WINDOWS\System32\KERNEL32.DLL
[0814/174704.827:ERROR:process_memory_win.cc(73)] ReadMemory at 0x7ffd00b90000 of 64 bytes failed: Only part of a ReadProcessMemory or WriteProcessMemory request was completed. (0x12B)
[0814/174704.827:WARNING:pe_image_reader.cc(340)] could not read dos header from C:\WINDOWS\System32\KERNELBASE.dll
[0814/174704.827:ERROR:process_memory_win.cc(73)] ReadMemory at 0x7ffccd4b0000 of 64 bytes failed: Only part of a ReadProcessMemory or WriteProcessMemory request was completed. (0x12B)
[0814/174704.827:WARNING:pe_image_reader.cc(340)] could not read dos header from C:\Program Files (x86)\Google\Chrome\Application\84.0.4147.125\chrome_elf.dll
[0814/174704.827:ERROR:process_memory_win.cc(73)] ReadMemory at 0x7ffcf9ca0000 of 64 bytes failed: Only part of a ReadProcessMemory or WriteProcessMemory request was completed. (0x12B)
[0814/174704.827:WARNING:pe_image_reader.cc(340)] could not read dos header from C:\WINDOWS\SYSTEM32\VERSION.dll
[0814/174704.827:ERROR:process_memory_win.cc(73)] ReadMemory at 0x7ffd025e0000 of 64 bytes failed: Only part of a ReadProcessMemory or WriteProcessMemory request was completed. (0x12B)
[0814/174704.827:WARNING:pe_image_reader.cc(340)] could not read dos header from C:\WINDOWS\System32\msvcrt.dll
[0814/174704.827:ERROR:process_memory_win.cc(73)] ReadMemory at 0x7ffd00e40000 of 64 bytes failed: Only part of a ReadProcessMemory or WriteProcessMemory request was completed. (0x12B)
[0814/174704.827:WARNING:pe_image_reader.cc(340)] could not read dos header from C:\WINDOWS\System32\bcryptPrimitives.dll
[0814/174704.827:ERROR:process_memory_win.cc(73)] ReadMemory at 0x7ffd02fa0000 of 64 bytes failed: Only part of a ReadProcessMemory or WriteProcessMemory request was completed. (0x12B)
[0814/174704.827:WARNING:pe_image_reader.cc(340)] could not read dos header from C:\WINDOWS\System32\ADVAPI32.dll
[0814/174704.827:ERROR:process_memory_win.cc(73)] ReadMemory at 0x7ffd03840000 of 64 bytes failed: Only part of a ReadProcessMemory or WriteProcessMemory request was completed. (0x12B)
[0814/174704.827:WARNING:pe_image_reader.cc(340)] could not read dos header from C:\WINDOWS\System32\sechost.dll
[0814/174704.827:ERROR:process_memory_win.cc(73)] ReadMemory at 0x7ffd03050000 of 64 bytes failed: Only part of a ReadProcessMemory or WriteProcessMemory request was completed. (0x12B)
[0814/174704.827:WARNING:pe_image_reader.cc(340)] could not read dos header from C:\WINDOWS\System32\RPCRT4.dll
[0814/174704.827:ERROR:process_memory_win.cc(73)] ReadMemory at 0x7ffc9a780000 of 64 bytes failed: Only part of a ReadProcessMemory or WriteProcessMemory request was completed. (0x12B)
[0814/174704.827:WARNING:pe_image_reader.cc(340)] could not read dos header from C:\Program Files (x86)\Google\Chrome\Application\84.0.4147.125\chrome.dll
[0814/174704.827:ERROR:process_memory_win.cc(73)] ReadMemory at 0x7ffd02f30000 of 64 bytes failed: Only part of a ReadProcessMemory or WriteProcessMemory request was completed. (0x12B)
[0814/174704.827:WARNING:pe_image_reader.cc(340)] could not read dos header from C:\WINDOWS\System32\WS2_32.dll
[0814/174704.827:ERROR:process_memory_win.cc(73)] ReadMemory at 0x7ffd02880000 of 64 bytes failed: Only part of a ReadProcessMemory or WriteProcessMemory request was completed. (0x12B)
[0814/174704.827:WARNING:pe_image_reader.cc(340)] could not read dos header from C:\WINDOWS\System32\OLEAUT32.dll
[0814/174704.827:ERROR:process_memory_win.cc(73)] ReadMemory at 0x7ffd008a0000 of 64 bytes failed: Only part of a ReadProcessMemory or WriteProcessMemory request was completed. (0x12B)
[0814/174704.827:WARNING:pe_image_reader.cc(340)] could not read dos header from C:\WINDOWS\System32\msvcp_win.dll
[0814/174704.827:ERROR:process_memory_win.cc(73)] ReadMemory at 0x7ffd00940000 of 64 bytes failed: Only part of a ReadProcessMemory or WriteProcessMemory request was completed. (0x12B)
[0814/174704.827:WARNING:pe_image_reader.cc(340)] could not read dos header from C:\WINDOWS\System32\ucrtbase.dll
[0814/174704.827:ERROR:process_memory_win.cc(73)] ReadMemory at 0x7ffd01a80000 of 64 bytes failed: Only part of a ReadProcessMemory or WriteProcessMemory request was completed. (0x12B)
[0814/174704.827:WARNING:pe_image_reader.cc(340)] could not read dos header from C:\WINDOWS\System32\combase.dll
[0814/174704.827:ERROR:process_memory_win.cc(73)] ReadMemory at 0x7ffd01810000 of 64 bytes failed: Only part of a ReadProcessMemory or WriteProcessMemory request was completed. (0x12B)
[0814/174704.827:WARNING:pe_image_reader.cc(340)] could not read dos header from C:\WINDOWS\System32\WINTRUST.dll
[0814/174704.827:ERROR:process_memory_win.cc(73)] ReadMemory at 0x7ffd00830000 of 64 bytes failed: Only part of a ReadProcessMemory or WriteProcessMemory request was completed. (0x12B)
[0814/174704.827:WARNING:pe_image_reader.cc(340)] could not read dos header from C:\WINDOWS\System32\MSASN1.dll
[0814/174704.827:ERROR:process_memory_win.cc(73)] ReadMemory at 0x7ffd00a40000 of 64 bytes failed: Only part of a ReadProcessMemory or WriteProcessMemory request was completed. (0x12B)
[0814/174704.827:WARNING:pe_image_reader.cc(340)] could not read dos header from C:\WINDOWS\System32\CRYPT32.dll
[0814/174704.827:ERROR:process_memory_win.cc(73)] ReadMemory at 0x7ffcffd50000 of 64 bytes failed: Only part of a ReadProcessMemory or WriteProcessMemory request was completed. (0x12B)
[0814/174704.827:WARNING:pe_image_reader.cc(340)] could not read dos header from C:\WINDOWS\SYSTEM32\IPHLPAPI.DLL
[0814/174704.827:ERROR:process_memory_win.cc(73)] ReadMemory at 0x7ffcfe860000 of 64 bytes failed: Only part of a ReadProcessMemory or WriteProcessMemory request was completed. (0x12B)
[0814/174704.827:WARNING:pe_image_reader.cc(340)] could not read dos header from C:\WINDOWS\SYSTEM32\WINMM.dll
[0814/174704.827:ERROR:process_memory_win.cc(73)] ReadMemory at 0x7ffcedad0000 of 64 bytes failed: Only part of a ReadProcessMemory or WriteProcessMemory request was completed. (0x12B)
[0814/174704.827:WARNING:pe_image_reader.cc(340)] could not read dos header from C:\WINDOWS\SYSTEM32\Secur32.dll
[0814/174704.827:ERROR:process_memory_win.cc(73)] ReadMemory at 0x7ffd006f0000 of 64 bytes failed: Only part of a ReadProcessMemory or WriteProcessMemory request was completed. (0x12B)
[0814/174704.827:WARNING:pe_image_reader.cc(340)] could not read dos header from C:\WINDOWS\SYSTEM32\USERENV.dll
[0814/174704.827:ERROR:process_memory_win.cc(73)] ReadMemory at 0x7ffd00870000 of 64 bytes failed: Only part of a ReadProcessMemory or WriteProcessMemory request was completed. (0x12B)
[0814/174704.827:WARNING:pe_image_reader.cc(340)] could not read dos header from C:\WINDOWS\System32\profapi.dll
[0814/174704.827:ERROR:process_memory_win.cc(73)] ReadMemory at 0x7ffccbb40000 of 64 bytes failed: Only part of a ReadProcessMemory or WriteProcessMemory request was completed. (0x12B)
[0814/174704.827:WARNING:pe_image_reader.cc(340)] could not read dos header from C:\WINDOWS\SYSTEM32\UIAutomationCore.DLL
[0814/174704.827:ERROR:process_memory_win.cc(73)] ReadMemory at 0x7ffcc8fd0000 of 64 bytes failed: Only part of a ReadProcessMemory or WriteProcessMemory request was completed. (0x12B)
[0814/174704.827:WARNING:pe_image_reader.cc(340)] could not read dos header from C:\WINDOWS\SYSTEM32\DWrite.dll
[0814/174704.827:ERROR:process_memory_win.cc(73)] ReadMemory at 0x7ffcf0af0000 of 64 bytes failed: Only part of a ReadProcessMemory or WriteProcessMemory request was completed. (0x12B)
[0814/174704.827:WARNING:pe_image_reader.cc(340)] could not read dos header from C:\WINDOWS\SYSTEM32\WINSPOOL.DRV
[0814/174704.827:ERROR:process_memory_win.cc(73)] ReadMemory at 0x7ffd00850000 of 64 bytes failed: Only part of a ReadProcessMemory or WriteProcessMemory request was completed. (0x12B)
[0814/174704.827:WARNING:pe_image_reader.cc(340)] could not read dos header from C:\WINDOWS\System32\kernel.appcore.dll
[0814/174704.827:ERROR:process_memory_win.cc(73)] ReadMemory at 0x7ffd019a0000 of 64 bytes failed: Only part of a ReadProcessMemory or WriteProcessMemory request was completed. (0x12B)
[0814/174704.827:WARNING:pe_image_reader.cc(340)] could not read dos header from C:\WINDOWS\System32\bcrypt.dll
[0814/174704.827:ERROR:process_memory_win.cc(73)] ReadMemory at 0x7ffcf8600000 of 64 bytes failed: Only part of a ReadProcessMemory or WriteProcessMemory request was completed. (0x12B)
[0814/174704.827:WARNING:pe_image_reader.cc(340)] could not read dos header from C:\WINDOWS\SYSTEM32\dbghelp.dll
[0814/174704.828:ERROR:process_memory_win.cc(73)] ReadMemory at 0x7ffcf2cd0000 of 64 bytes failed: Only part of a ReadProcessMemory or WriteProcessMemory request was completed. (0x12B)
[0814/174704.828:WARNING:pe_image_reader.cc(340)] could not read dos header from C:\WINDOWS\SYSTEM32\WINHTTP.dll
[0814/174704.828:ERROR:process_memory_win.cc(73)] ReadMemory at 0x7ffcf9fb0000 of 64 bytes failed: Only part of a ReadProcessMemory or WriteProcessMemory request was completed. (0x12B)
[0814/174704.828:WARNING:pe_image_reader.cc(340)] could not read dos header from C:\WINDOWS\SYSTEM32\dhcpcsvc.DLL
[0814/174704.828:ERROR:process_memory_win.cc(73)] ReadMemory at 0x7ffd02ab0000 of 64 bytes failed: Only part of a ReadProcessMemory or WriteProcessMemory request was completed. (0x12B)
[0814/174704.828:WARNING:pe_image_reader.cc(340)] could not read dos header from C:\WINDOWS\System32\NSI.dll
[0814/174704.828:ERROR:process_memory_win.cc(73)] ReadMemory at 0x7ffcfe830000 of 64 bytes failed: Only part of a ReadProcessMemory or WriteProcessMemory request was completed. (0x12B)
[0814/174704.828:WARNING:pe_image_reader.cc(340)] could not read dos header from C:\WINDOWS\SYSTEM32\WINMMBASE.dll
[0814/174704.828:ERROR:process_memory_win.cc(73)] ReadMemory at 0x7ffd01920000 of 64 bytes failed: Only part of a ReadProcessMemory or WriteProcessMemory request was completed. (0x12B)
[0814/174704.828:WARNING:pe_image_reader.cc(340)] could not read dos header from C:\WINDOWS\System32\cfgmgr32.dll
[0814/174704.828:ERROR:process_memory_win.cc(73)] ReadMemory at 0x7ffcfcec0000 of 64 bytes failed: Only part of a ReadProcessMemory or WriteProcessMemory request was completed. (0x12B)
[0814/174704.828:WARNING:pe_image_reader.cc(340)] could not read dos header from C:\WINDOWS\SYSTEM32\PROPSYS.dll
[0814/174704.828:ERROR:process_memory_win.cc(73)] ReadMemory at 0x7ffd032b0000 of 64 bytes failed: Only part of a ReadProcessMemory or WriteProcessMemory request was completed. (0x12B)
[0814/174704.828:WARNING:pe_image_reader.cc(340)] could not read dos header from C:\WINDOWS\System32\shcore.dll
[0814/174704.828:ERROR:process_memory_win.cc(73)] ReadMemory at 0x7ffd006c0000 of 64 bytes failed: Only part of a ReadProcessMemory or WriteProcessMemory request was completed. (0x12B)
[0814/174704.828:WARNING:pe_image_reader.cc(340)] could not read dos header from C:\WINDOWS\SYSTEM32\SSPICLI.DLL
[0814/174704.828:ERROR:process_memory_win.cc(73)] ReadMemory at 0x7ffd00210000 of 64 bytes failed: Only part of a ReadProcessMemory or WriteProcessMemory request was completed. (0x12B)
[0814/174704.828:WARNING:pe_image_reader.cc(340)] could not read dos header from C:\WINDOWS\SYSTEM32\CRYPTBASE.DLL
[0814/174704.828:ERROR:process_memory_win.cc(73)] ReadMemory at 0x7ff7659c0000 of 64 bytes failed: Only part of a ReadProcessMemory or WriteProcessMemory request was completed. (0x12B)
[0814/174704.828:WARNING:pe_image_reader.cc(340)] could not read dos header from C:\Program Files (x86)\Google\Chrome\Application\chrome.exe
[0814/174704.828:ERROR:process_memory_win.cc(73)] ReadMemory at 0x7ffd03920000 of 64 bytes failed: Only part of a ReadProcessMemory or WriteProcessMemory request was completed. (0x12B)
[0814/174704.828:WARNING:pe_image_reader.cc(340)] could not read dos header from C:\WINDOWS\SYSTEM32\ntdll.dll
[0814/174704.828:ERROR:process_memory_win.cc(73)] ReadMemory at 0x7ffd03650000 of 64 bytes failed: Only part of a ReadProcessMemory or WriteProcessMemory request was completed. (0x12B)
[0814/174704.828:WARNING:pe_image_reader.cc(340)] could not read dos header from C:\WINDOWS\System32\KERNEL32.DLL
[0814/174704.828:ERROR:process_memory_win.cc(73)] ReadMemory at 0x7ffd00b90000 of 64 bytes failed: Only part of a ReadProcessMemory or WriteProcessMemory request was completed. (0x12B)
[0814/174704.828:WARNING:pe_image_reader.cc(340)] could not read dos header from C:\WINDOWS\System32\KERNELBASE.dll
[0814/174704.828:ERROR:process_memory_win.cc(73)] ReadMemory at 0x7ffccd4b0000 of 64 bytes failed: Only part of a ReadProcessMemory or WriteProcessMemory request was completed. (0x12B)
[0814/174704.828:WARNING:pe_image_reader.cc(340)] could not read dos header from C:\Program Files (x86)\Google\Chrome\Application\84.0.4147.125\chrome_elf.dll
[0814/174704.828:ERROR:process_memory_win.cc(73)] ReadMemory at 0x7ffcf9ca0000 of 64 bytes failed: Only part of a ReadProcessMemory or WriteProcessMemory request was completed. (0x12B)
[0814/174704.828:WARNING:pe_image_reader.cc(340)] could not read dos header from C:\WINDOWS\SYSTEM32\VERSION.dll
[0814/174704.828:ERROR:process_memory_win.cc(73)] ReadMemory at 0x7ffd025e0000 of 64 bytes failed: Only part of a ReadProcessMemory or WriteProcessMemory request was completed. (0x12B)
[0814/174704.828:WARNING:pe_image_reader.cc(340)] could not read dos header from C:\WINDOWS\System32\msvcrt.dll
[0814/174704.828:ERROR:process_memory_win.cc(73)] ReadMemory at 0x7ffd00e40000 of 64 bytes failed: Only part of a ReadProcessMemory or WriteProcessMemory request was completed. (0x12B)
[0814/174704.828:WARNING:pe_image_reader.cc(340)] could not read dos header from C:\WINDOWS\System32\bcryptPrimitives.dll
[0814/174704.828:ERROR:process_memory_win.cc(73)] ReadMemory at 0x7ffd02fa0000 of 64 bytes failed: Only part of a ReadProcessMemory or WriteProcessMemory request was completed. (0x12B)
[0814/174704.828:WARNING:pe_image_reader.cc(340)] could not read dos header from C:\WINDOWS\System32\ADVAPI32.dll
[0814/174704.828:ERROR:process_memory_win.cc(73)] ReadMemory at 0x7ffd03840000 of 64 bytes failed: Only part of a ReadProcessMemory or WriteProcessMemory request was completed. (0x12B)
[0814/174704.828:WARNING:pe_image_reader.cc(340)] could not read dos header from C:\WINDOWS\System32\sechost.dll
[0814/174704.828:ERROR:process_memory_win.cc(73)] ReadMemory at 0x7ffd03050000 of 64 bytes failed: Only part of a ReadProcessMemory or WriteProcessMemory request was completed. (0x12B)
[0814/174704.828:WARNING:pe_image_reader.cc(340)] could not read dos header from C:\WINDOWS\System32\RPCRT4.dll
[0814/174704.828:ERROR:process_memory_win.cc(73)] ReadMemory at 0x7ffc9a780000 of 64 bytes failed: Only part of a ReadProcessMemory or WriteProcessMemory request was completed. (0x12B)
[0814/174704.828:WARNING:pe_image_reader.cc(340)] could not read dos header from C:\Program Files (x86)\Google\Chrome\Application\84.0.4147.125\chrome.dll
[0814/174704.828:ERROR:process_memory_win.cc(73)] ReadMemory at 0x7ffd02f30000 of 64 bytes failed: Only part of a ReadProcessMemory or WriteProcessMemory request was completed. (0x12B)
[0814/174704.828:WARNING:pe_image_reader.cc(340)] could not read dos header from C:\WINDOWS\System32\WS2_32.dll
[0814/174704.828:ERROR:process_memory_win.cc(73)] ReadMemory at 0x7ffd02880000 of 64 bytes failed: Only part of a ReadProcessMemory or WriteProcessMemory request was completed. (0x12B)
[0814/174704.828:WARNING:pe_image_reader.cc(340)] could not read dos header from C:\WINDOWS\System32\OLEAUT32.dll
[0814/174704.828:ERROR:process_memory_win.cc(73)] ReadMemory at 0x7ffd008a0000 of 64 bytes failed: Only part of a ReadProcessMemory or WriteProcessMemory request was completed. (0x12B)
[0814/174704.828:WARNING:pe_image_reader.cc(340)] could not read dos header from C:\WINDOWS\System32\msvcp_win.dll
[0814/174704.828:ERROR:process_memory_win.cc(73)] ReadMemory at 0x7ffd00940000 of 64 bytes failed: Only part of a ReadProcessMemory or WriteProcessMemory request was completed. (0x12B)
[0814/174704.828:WARNING:pe_image_reader.cc(340)] could not read dos header from C:\WINDOWS\System32\ucrtbase.dll
[0814/174704.828:ERROR:process_memory_win.cc(73)] ReadMemory at 0x7ffd01a80000 of 64 bytes failed: Only part of a ReadProcessMemory or WriteProcessMemory request was completed. (0x12B)
[0814/174704.828:WARNING:pe_image_reader.cc(340)] could not read dos header from C:\WINDOWS\System32\combase.dll
[0814/174704.828:ERROR:process_memory_win.cc(73)] ReadMemory at 0x7ffd01810000 of 64 bytes failed: Only part of a ReadProcessMemory or WriteProcessMemory request was completed. (0x12B)
[0814/174704.828:WARNING:pe_image_reader.cc(340)] could not read dos header from C:\WINDOWS\System32\WINTRUST.dll
[0814/174704.828:ERROR:process_memory_win.cc(73)] ReadMemory at 0x7ffd00830000 of 64 bytes failed: Only part of a ReadProcessMemory or WriteProcessMemory request was completed. (0x12B)
[0814/174704.828:WARNING:pe_image_reader.cc(340)] could not read dos header from C:\WINDOWS\System32\MSASN1.dll
[0814/174704.828:ERROR:process_memory_win.cc(73)] ReadMemory at 0x7ffd00a40000 of 64 bytes failed: Only part of a ReadProcessMemory or WriteProcessMemory request was completed. (0x12B)
[0814/174704.828:WARNING:pe_image_reader.cc(340)] could not read dos header from C:\WINDOWS\System32\CRYPT32.dll
[0814/174704.828:ERROR:process_memory_win.cc(73)] ReadMemory at 0x7ffcffd50000 of 64 bytes failed: Only part of a ReadProcessMemory or WriteProcessMemory request was completed. (0x12B)
[0814/174704.828:WARNING:pe_image_reader.cc(340)] could not read dos header from C:\WINDOWS\SYSTEM32\IPHLPAPI.DLL
[0814/174704.829:ERROR:process_memory_win.cc(73)] ReadMemory at 0x7ffcfe860000 of 64 bytes failed: Only part of a ReadProcessMemory or WriteProcessMemory request was completed. (0x12B)
[0814/174704.829:WARNING:pe_image_reader.cc(340)] could not read dos header from C:\WINDOWS\SYSTEM32\WINMM.dll
[0814/174704.829:ERROR:process_memory_win.cc(73)] ReadMemory at 0x7ffcedad0000 of 64 bytes failed: Only part of a ReadProcessMemory or WriteProcessMemory request was completed. (0x12B)
[0814/174704.829:WARNING:pe_image_reader.cc(340)] could not read dos header from C:\WINDOWS\SYSTEM32\Secur32.dll
[0814/174704.829:ERROR:process_memory_win.cc(73)] ReadMemory at 0x7ffd006f0000 of 64 bytes failed: Only part of a ReadProcessMemory or WriteProcessMemory request was completed. (0x12B)
[0814/174704.829:WARNING:pe_image_reader.cc(340)] could not read dos header from C:\WINDOWS\SYSTEM32\USERENV.dll
[0814/174704.829:ERROR:process_memory_win.cc(73)] ReadMemory at 0x7ffd00870000 of 64 bytes failed: Only part of a ReadProcessMemory or WriteProcessMemory request was completed. (0x12B)
[0814/174704.829:WARNING:pe_image_reader.cc(340)] could not read dos header from C:\WINDOWS\System32\profapi.dll
[0814/174704.829:ERROR:process_memory_win.cc(73)] ReadMemory at 0x7ffccbb40000 of 64 bytes failed: Only part of a ReadProcessMemory or WriteProcessMemory request was completed. (0x12B)
[0814/174704.829:WARNING:pe_image_reader.cc(340)] could not read dos header from C:\WINDOWS\SYSTEM32\UIAutomationCore.DLL
[0814/174704.829:ERROR:process_memory_win.cc(73)] ReadMemory at 0x7ffcc8fd0000 of 64 bytes failed: Only part of a ReadProcessMemory or WriteProcessMemory request was completed. (0x12B)
[0814/174704.829:WARNING:pe_image_reader.cc(340)] could not read dos header from C:\WINDOWS\SYSTEM32\DWrite.dll
[0814/174704.829:ERROR:process_memory_win.cc(73)] ReadMemory at 0x7ffcf0af0000 of 64 bytes failed: Only part of a ReadProcessMemory or WriteProcessMemory request was completed. (0x12B)
[0814/174704.829:WARNING:pe_image_reader.cc(340)] could not read dos header from C:\WINDOWS\SYSTEM32\WINSPOOL.DRV
[0814/174704.829:ERROR:process_memory_win.cc(73)] ReadMemory at 0x7ffd00850000 of 64 bytes failed: Only part of a ReadProcessMemory or WriteProcessMemory request was completed. (0x12B)
[0814/174704.829:WARNING:pe_image_reader.cc(340)] could not read dos header from C:\WINDOWS\System32\kernel.appcore.dll
[0814/174704.829:ERROR:process_memory_win.cc(73)] ReadMemory at 0x7ffd019a0000 of 64 bytes failed: Only part of a ReadProcessMemory or WriteProcessMemory request was completed. (0x12B)
[0814/174704.829:WARNING:pe_image_reader.cc(340)] could not read dos header from C:\WINDOWS\System32\bcrypt.dll
[0814/174704.829:ERROR:process_memory_win.cc(73)] ReadMemory at 0x7ffcf8600000 of 64 bytes failed: Only part of a ReadProcessMemory or WriteProcessMemory request was completed. (0x12B)
[0814/174704.829:WARNING:pe_image_reader.cc(340)] could not read dos header from C:\WINDOWS\SYSTEM32\dbghelp.dll
[0814/174704.829:ERROR:process_memory_win.cc(73)] ReadMemory at 0x7ffcf2cd0000 of 64 bytes failed: Only part of a ReadProcessMemory or WriteProcessMemory request was completed. (0x12B)
[0814/174704.829:WARNING:pe_image_reader.cc(340)] could not read dos header from C:\WINDOWS\SYSTEM32\WINHTTP.dll
[0814/174704.829:ERROR:process_memory_win.cc(73)] ReadMemory at 0x7ffcf9fb0000 of 64 bytes failed: Only part of a ReadProcessMemory or WriteProcessMemory request was completed. (0x12B)
[0814/174704.829:WARNING:pe_image_reader.cc(340)] could not read dos header from C:\WINDOWS\SYSTEM32\dhcpcsvc.DLL
[0814/174704.829:ERROR:process_memory_win.cc(73)] ReadMemory at 0x7ffd02ab0000 of 64 bytes failed: Only part of a ReadProcessMemory or WriteProcessMemory request was completed. (0x12B)
[0814/174704.829:WARNING:pe_image_reader.cc(340)] could not read dos header from C:\WINDOWS\System32\NSI.dll
[0814/174704.829:ERROR:process_memory_win.cc(73)] ReadMemory at 0x7ffcfe830000 of 64 bytes failed: Only part of a ReadProcessMemory or WriteProcessMemory request was completed. (0x12B)
[0814/174704.829:WARNING:pe_image_reader.cc(340)] could not read dos header from C:\WINDOWS\SYSTEM32\WINMMBASE.dll
[0814/174704.829:ERROR:process_memory_win.cc(73)] ReadMemory at 0x7ffd01920000 of 64 bytes failed: Only part of a ReadProcessMemory or WriteProcessMemory request was completed. (0x12B)
[0814/174704.829:WARNING:pe_image_reader.cc(340)] could not read dos header from C:\WINDOWS\System32\cfgmgr32.dll
[0814/174704.829:ERROR:process_memory_win.cc(73)] ReadMemory at 0x7ffcfcec0000 of 64 bytes failed: Only part of a ReadProcessMemory or WriteProcessMemory request was completed. (0x12B)
[0814/174704.829:WARNING:pe_image_reader.cc(340)] could not read dos header from C:\WINDOWS\SYSTEM32\PROPSYS.dll
[0814/174704.829:ERROR:process_memory_win.cc(73)] ReadMemory at 0x7ffd032b0000 of 64 bytes failed: Only part of a ReadProcessMemory or WriteProcessMemory request was completed. (0x12B)
[0814/174704.829:WARNING:pe_image_reader.cc(340)] could not read dos header from C:\WINDOWS\System32\shcore.dll
[0814/174704.830:ERROR:process_memory_win.cc(73)] ReadMemory at 0x7ffd006c0000 of 64 bytes failed: Only part of a ReadProcessMemory or WriteProcessMemory request was completed. (0x12B)
[0814/174704.830:WARNING:pe_image_reader.cc(340)] could not read dos header from C:\WINDOWS\SYSTEM32\SSPICLI.DLL
[0814/174704.830:ERROR:process_memory_win.cc(73)] ReadMemory at 0x7ffd00210000 of 64 bytes failed: Only part of a ReadProcessMemory or WriteProcessMemory request was completed. (0x12B)
[0814/174704.830:WARNING:pe_image_reader.cc(340)] could not read dos header from C:\WINDOWS\SYSTEM32\CRYPTBASE.DLL
[0814/174704.833:ERROR:process_memory_win.cc(73)] ReadMemory at 0x2ecd7fa000 of 24576 bytes failed: Only part of a ReadProcessMemory or WriteProcessMemory request was completed. (0x12B)
[0814/174704.834:ERROR:process_memory_win.cc(73)] ReadMemory at 0x2ecdffd000 of 12288 bytes failed: Only part of a ReadProcessMemory or WriteProcessMemory request was completed. (0x12B)
[0814/174704.834:ERROR:process_memory_win.cc(73)] ReadMemory at 0x2ece7fd000 of 12288 bytes failed: Only part of a ReadProcessMemory or WriteProcessMemory request was completed. (0x12B)
[0814/174704.834:ERROR:process_memory_win.cc(73)] ReadMemory at 0x2eceffd000 of 12288 bytes failed: Only part of a ReadProcessMemory or WriteProcessMemory request was completed. (0x12B)
[0814/174704.834:ERROR:process_memory_win.cc(73)] ReadMemory at 0x2ecf7fc000 of 16384 bytes failed: Only part of a ReadProcessMemory or WriteProcessMemory request was completed. (0x12B)
[0814/174704.834:ERROR:process_memory_win.cc(73)] ReadMemory at 0x2ecffff000 of 4096 bytes failed: Only part of a ReadProcessMemory or WriteProcessMemory request was completed. (0x12B)
[0814/174704.834:ERROR:process_memory_win.cc(73)] ReadMemory at 0x2ed07fd000 of 12288 bytes failed: Only part of a ReadProcessMemory or WriteProcessMemory request was completed. (0x12B)
[0814/174704.834:ERROR:process_memory_win.cc(73)] ReadMemory at 0x2ed0ffd000 of 12288 bytes failed: Only part of a ReadProcessMemory or WriteProcessMemory request was completed. (0x12B)
[0814/174704.834:ERROR:process_memory_win.cc(73)] ReadMemory at 0x2ed17fd000 of 12288 bytes failed: Only part of a ReadProcessMemory or WriteProcessMemory request was completed. (0x12B)
[0814/174704.834:ERROR:process_memory_win.cc(73)] ReadMemory at 0x2ed1ffd000 of 12288 bytes failed: Only part of a ReadProcessMemory or WriteProcessMemory request was completed. (0x12B)
[0814/174704.834:ERROR:process_memory_win.cc(73)] ReadMemory at 0x2ed27fd000 of 12288 bytes failed: Only part of a ReadProcessMemory or WriteProcessMemory request was completed. (0x12B)
[0814/174704.834:ERROR:process_memory_win.cc(73)] ReadMemory at 0x2ed2ffd000 of 12288 bytes failed: Only part of a ReadProcessMemory or WriteProcessMemory request was completed. (0x12B)
[0814/174704.834:ERROR:process_memory_win.cc(73)] ReadMemory at 0x2ed37fd000 of 12288 bytes failed: Only part of a ReadProcessMemory or WriteProcessMemory request was completed. (0x12B)
[0814/174704.834:ERROR:process_memory_win.cc(73)] ReadMemory at 0x2eccf69000 of 852 bytes failed: Only part of a ReadProcessMemory or WriteProcessMemory request was completed. (0x12B)
[0814/174704.834:ERROR:process_memory_win.cc(73)] ReadMemory at 0x2eccf6a000 of 6024 bytes failed: Only part of a ReadProcessMemory or WriteProcessMemory request was completed. (0x12B)
[0814/174704.834:ERROR:process_memory_win.cc(73)] ReadMemory at 0x2eccf6c000 of 6024 bytes failed: Only part of a ReadProcessMemory or WriteProcessMemory request was completed. (0x12B)
[0814/174704.834:ERROR:process_memory_win.cc(73)] ReadMemory at 0x2eccf6e000 of 6024 bytes failed: Only part of a ReadProcessMemory or WriteProcessMemory request was completed. (0x12B)
[0814/174704.834:ERROR:process_memory_win.cc(73)] ReadMemory at 0x2eccf70000 of 6024 bytes failed: Only part of a ReadProcessMemory or WriteProcessMemory request was completed. (0x12B)
[0814/174704.834:ERROR:process_memory_win.cc(73)] ReadMemory at 0x2eccf72000 of 6024 bytes failed: Only part of a ReadProcessMemory or WriteProcessMemory request was completed. (0x12B)
[0814/174704.834:ERROR:process_memory_win.cc(73)] ReadMemory at 0x2eccf74000 of 6024 bytes failed: Only part of a ReadProcessMemory or WriteProcessMemory request was completed. (0x12B)
[0814/174704.834:ERROR:process_memory_win.cc(73)] ReadMemory at 0x2eccf76000 of 6024 bytes failed: Only part of a ReadProcessMemory or WriteProcessMemory request was completed. (0x12B)
[0814/174704.834:ERROR:process_memory_win.cc(73)] ReadMemory at 0x2eccf78000 of 6024 bytes failed: Only part of a ReadProcessMemory or WriteProcessMemory request was completed. (0x12B)
[0814/174704.834:ERROR:process_memory_win.cc(73)] ReadMemory at 0x2eccf7a000 of 6024 bytes failed: Only part of a ReadProcessMemory or WriteProcessMemory request was completed. (0x12B)
[0814/174704.834:ERROR:process_memory_win.cc(73)] ReadMemory at 0x2eccf7c000 of 6024 bytes failed: Only part of a ReadProcessMemory or WriteProcessMemory request was completed. (0x12B)
[0814/174704.834:ERROR:process_memory_win.cc(73)] ReadMemory at 0x2eccf7e000 of 6024 bytes failed: Only part of a ReadProcessMemory or WriteProcessMemory request was completed. (0x12B)
[0814/174704.834:ERROR:process_memory_win.cc(73)] ReadMemory at 0x2eccf80000 of 6024 bytes failed: Only part of a ReadProcessMemory or WriteProcessMemory request was completed. (0x12B)
[0814/174704.835:ERROR:process_memory_win.cc(73)] ReadMemory at 0x2eccf82000 of 6024 bytes failed: Only part of a ReadProcessMemory or WriteProcessMemory request was completed. (0x12B)
[0814/174704.835:ERROR:process_memory_win.cc(73)] ReadMemory at 0x16346300fe0 of 22926 bytes failed: Only part of a ReadProcessMemory or WriteProcessMemory request was completed. (0x12B)
[0814/174704.835:ERROR:process_memory_win.cc(73)] ReadMemory at 0x16346306980 of 1012 bytes failed: Only part of a ReadProcessMemory or WriteProcessMemory request was completed. (0x12B)
[0814/174704.835:ERROR:process_memory_win.cc(73)] ReadMemory at 0x16346306fc8 of 118 bytes failed: Only part of a ReadProcessMemory or WriteProcessMemory request was completed. (0x12B)
[0814/174704.835:ERROR:process_memory_win.cc(73)] ReadMemory at 0x16346307040 of 756 bytes failed: Only part of a ReadProcessMemory or WriteProcessMemory request was completed. (0x12B)
[0814/174704.835:ERROR:process_memory_win.cc(73)] ReadMemory at 0x16346307336 of 118 bytes failed: Only part of a ReadProcessMemory or WriteProcessMemory request was completed. (0x12B)
[0814/174704.835:ERROR:process_memory_win.cc(73)] ReadMemory at 0x163463073ae of 96 bytes failed: Only part of a ReadProcessMemory or WriteProcessMemory request was completed. (0x12B)
[0814/174704.835:ERROR:process_memory_win.cc(73)] ReadMemory at 0x16346307420 of 58 bytes failed: Only part of a ReadProcessMemory or WriteProcessMemory request was completed. (0x12B)
[0814/174704.835:ERROR:process_memory_win.cc(73)] ReadMemory at 0x16346307520 of 132 bytes failed: Only part of a ReadProcessMemory or WriteProcessMemory request was completed. (0x12B)
[0814/174704.835:ERROR:process_memory_win.cc(73)] ReadMemory at 0x163463076b0 of 132 bytes failed: Only part of a ReadProcessMemory or WriteProcessMemory request was completed. (0x12B)
[0814/174704.835:ERROR:process_memory_win.cc(73)] ReadMemory at 0x16346307870 of 126 bytes failed: Only part of a ReadProcessMemory or WriteProcessMemory request was completed. (0x12B)
[0814/174704.835:ERROR:process_memory_win.cc(73)] ReadMemory at 0x16346307c50 of 132 bytes failed: Only part of a ReadProcessMemory or WriteProcessMemory request was completed. (0x12B)
[0814/174704.835:ERROR:process_memory_win.cc(73)] ReadMemory at 0x16346307de0 of 64 bytes failed: Only part of a ReadProcessMemory or WriteProcessMemory request was completed. (0x12B)
[0814/174704.835:ERROR:process_memory_win.cc(73)] ReadMemory at 0x16346307fa0 of 132 bytes failed: Only part of a ReadProcessMemory or WriteProcessMemory request was completed. (0x12B)
[0814/174704.835:ERROR:process_memory_win.cc(73)] ReadMemory at 0x16346308240 of 132 bytes failed: Only part of a ReadProcessMemory or WriteProcessMemory request was completed. (0x12B)
[0814/174704.835:ERROR:process_memory_win.cc(73)] ReadMemory at 0x163463083d0 of 68 bytes failed: Only part of a ReadProcessMemory or WriteProcessMemory request was completed. (0x12B)
[0814/174704.835:ERROR:process_memory_win.cc(73)] ReadMemory at 0x163463094a0 of 132 bytes failed: Only part of a ReadProcessMemory or WriteProcessMemory request was completed. (0x12B)
[0814/174704.835:ERROR:process_memory_win.cc(73)] ReadMemory at 0x16346309630 of 154 bytes failed: Only part of a ReadProcessMemory or WriteProcessMemory request was completed. (0x12B)
[0814/174704.835:ERROR:process_memory_win.cc(73)] ReadMemory at 0x1634630a370 of 132 bytes failed: Only part of a ReadProcessMemory or WriteProcessMemory request was completed. (0x12B)
[0814/174704.835:ERROR:process_memory_win.cc(73)] ReadMemory at 0x1634630a4a0 of 60 bytes failed: Only part of a ReadProcessMemory or WriteProcessMemory request was completed. (0x12B)
[0814/174704.835:ERROR:process_memory_win.cc(73)] ReadMemory at 0x1634630bde0 of 62 bytes failed: Only part of a ReadProcessMemory or WriteProcessMemory request was completed. (0x12B)
[0814/174704.836:ERROR:process_memory_win.cc(73)] ReadMemory at 0x1634631a8f0 of 62 bytes failed: Only part of a ReadProcessMemory or WriteProcessMemory request was completed. (0x12B)
[0814/174704.836:ERROR:process_memory_win.cc(73)] ReadMemory at 0x1634631cd50 of 80 bytes failed: Only part of a ReadProcessMemory or WriteProcessMemory request was completed. (0x12B)
[0814/174704.836:ERROR:process_memory_win.cc(73)] ReadMemory at 0x1634631f880 of 132 bytes failed: Only part of a ReadProcessMemory or WriteProcessMemory request was completed. (0x12B)
[0814/174704.836:ERROR:process_memory_win.cc(73)] ReadMemory at 0x1634631fa90 of 132 bytes failed: Only part of a ReadProcessMemory or WriteProcessMemory request was completed. (0x12B)
[0814/174704.836:ERROR:process_memory_win.cc(73)] ReadMemory at 0x1634631ff30 of 132 bytes failed: Only part of a ReadProcessMemory or WriteProcessMemory request was completed. (0x12B)
[0814/174704.836:ERROR:process_memory_win.cc(73)] ReadMemory at 0x16346320060 of 132 bytes failed: Only part of a ReadProcessMemory or WriteProcessMemory request was completed. (0x12B)
[0814/174704.836:ERROR:process_memory_win.cc(73)] ReadMemory at 0x16346320350 of 132 bytes failed: Only part of a ReadProcessMemory or WriteProcessMemory request was completed. (0x12B)
[0814/174704.836:ERROR:process_memory_win.cc(73)] ReadMemory at 0x163463214e0 of 132 bytes failed: Only part of a ReadProcessMemory or WriteProcessMemory request was completed. (0x12B)
[0814/174704.836:ERROR:process_memory_win.cc(73)] ReadMemory at 0x16346321610 of 132 bytes failed: Only part of a ReadProcessMemory or WriteProcessMemory request was completed. (0x12B)
[0814/174704.836:ERROR:process_memory_win.cc(73)] ReadMemory at 0x16346321740 of 132 bytes failed: Only part of a ReadProcessMemory or WriteProcessMemory request was completed. (0x12B)
[0814/174704.836:ERROR:process_memory_win.cc(73)] ReadMemory at 0x16346321870 of 132 bytes failed: Only part of a ReadProcessMemory or WriteProcessMemory request was completed. (0x12B)
[0814/174704.836:ERROR:process_memory_win.cc(73)] ReadMemory at 0x163463219a0 of 132 bytes failed: Only part of a ReadProcessMemory or WriteProcessMemory request was completed. (0x12B)
[0814/174704.836:ERROR:process_memory_win.cc(73)] ReadMemory at 0x16346321ad0 of 132 bytes failed: Only part of a ReadProcessMemory or WriteProcessMemory request was completed. (0x12B)
[0814/174704.836:ERROR:process_memory_win.cc(73)] ReadMemory at 0x16346321c00 of 132 bytes failed: Only part of a ReadProcessMemory or WriteProcessMemory request was completed. (0x12B)
[0814/174704.836:ERROR:process_memory_win.cc(73)] ReadMemory at 0x16346321d30 of 132 bytes failed: Only part of a ReadProcessMemory or WriteProcessMemory request was completed. (0x12B)
[0814/174704.836:ERROR:process_memory_win.cc(73)] ReadMemory at 0x16346321e60 of 132 bytes failed: Only part of a ReadProcessMemory or WriteProcessMemory request was completed. (0x12B)
[0814/174704.836:ERROR:process_memory_win.cc(73)] ReadMemory at 0x16346321f90 of 132 bytes failed: Only part of a ReadProcessMemory or WriteProcessMemory request was completed. (0x12B)
[0814/174704.836:ERROR:process_memory_win.cc(73)] ReadMemory at 0x163463220c0 of 132 bytes failed: Only part of a ReadProcessMemory or WriteProcessMemory request was completed. (0x12B)
[0814/174704.836:ERROR:process_memory_win.cc(73)] ReadMemory at 0x16346322320 of 132 bytes failed: Only part of a ReadProcessMemory or WriteProcessMemory request was completed. (0x12B)
[0814/174704.836:ERROR:process_memory_win.cc(73)] ReadMemory at 0x163463296c0 of 54 bytes failed: Only part of a ReadProcessMemory or WriteProcessMemory request was completed. (0x12B)
[0814/174704.836:ERROR:process_memory_win.cc(73)] ReadMemory at 0x1634632a670 of 132 bytes failed: Only part of a ReadProcessMemory or WriteProcessMemory request was completed. (0x12B)
[0814/174704.836:ERROR:process_memory_win.cc(73)] ReadMemory at 0x1634632ae00 of 146 bytes failed: Only part of a ReadProcessMemory or WriteProcessMemory request was completed. (0x12B)
[0814/174704.836:ERROR:process_memory_win.cc(73)] ReadMemory at 0x1634632c720 of 132 bytes failed: Only part of a ReadProcessMemory or WriteProcessMemory request was completed. (0x12B)
[0814/174704.836:ERROR:process_memory_win.cc(73)] ReadMemory at 0x1634632d8e0 of 60 bytes failed: Only part of a ReadProcessMemory or WriteProcessMemory request was completed. (0x12B)
[0814/174704.836:ERROR:process_memory_win.cc(73)] ReadMemory at 0x1634632d930 of 64 bytes failed: Only part of a ReadProcessMemory or WriteProcessMemory request was completed. (0x12B)
[0814/174704.836:ERROR:process_memory_win.cc(73)] ReadMemory at 0x1634632d980 of 60 bytes failed: Only part of a ReadProcessMemory or WriteProcessMemory request was completed. (0x12B)
[0814/174704.836:ERROR:process_memory_win.cc(73)] ReadMemory at 0x1634632d9d0 of 64 bytes failed: Only part of a ReadProcessMemory or WriteProcessMemory request was completed. (0x12B)
[0814/174704.836:ERROR:process_memory_win.cc(73)] ReadMemory at 0x1634632da20 of 62 bytes failed: Only part of a ReadProcessMemory or WriteProcessMemory request was completed. (0x12B)
[0814/174704.836:ERROR:process_memory_win.cc(73)] ReadMemory at 0x1634632da70 of 64 bytes failed: Only part of a ReadProcessMemory or WriteProcessMemory request was completed. (0x12B)
[0814/174704.837:ERROR:process_memory_win.cc(73)] ReadMemory at 0x1634632dca0 of 60 bytes failed: Only part of a ReadProcessMemory or WriteProcessMemory request was completed. (0x12B)
[0814/174704.837:ERROR:process_memory_win.cc(73)] ReadMemory at 0x1634632dcf0 of 60 bytes failed: Only part of a ReadProcessMemory or WriteProcessMemory request was completed. (0x12B)
[0814/174704.837:ERROR:process_memory_win.cc(73)] ReadMemory at 0x1634632dd90 of 62 bytes failed: Only part of a ReadProcessMemory or WriteProcessMemory request was completed. (0x12B)
[0814/174704.837:ERROR:process_memory_win.cc(73)] ReadMemory at 0x1634632dde0 of 62 bytes failed: Only part of a ReadProcessMemory or WriteProcessMemory request was completed. (0x12B)
[0814/174704.837:ERROR:process_memory_win.cc(73)] ReadMemory at 0x1634632df20 of 64 bytes failed: Only part of a ReadProcessMemory or WriteProcessMemory request was completed. (0x12B)
[0814/174704.837:ERROR:process_memory_win.cc(73)] ReadMemory at 0x1634632e060 of 60 bytes failed: Only part of a ReadProcessMemory or WriteProcessMemory request was completed. (0x12B)
[0814/174704.837:ERROR:process_memory_win.cc(73)] ReadMemory at 0x1634632e100 of 66 bytes failed: Only part of a ReadProcessMemory or WriteProcessMemory request was completed. (0x12B)
[0814/174704.837:ERROR:process_memory_win.cc(73)] ReadMemory at 0x1634632e380 of 62 bytes failed: Only part of a ReadProcessMemory or WriteProcessMemory request was completed. (0x12B)
[0814/174704.837:ERROR:process_memory_win.cc(73)] ReadMemory at 0x1634632e3d0 of 58 bytes failed: Only part of a ReadProcessMemory or WriteProcessMemory request was completed. (0x12B)
[0814/174704.837:ERROR:process_memory_win.cc(73)] ReadMemory at 0x1634632e420 of 62 bytes failed: Only part of a ReadProcessMemory or WriteProcessMemory request was completed. (0x12B)
[0814/174704.837:ERROR:process_memory_win.cc(73)] ReadMemory at 0x1634632e470 of 60 bytes failed: Only part of a ReadProcessMemory or WriteProcessMemory request was completed. (0x12B)
[0814/174704.837:ERROR:process_memory_win.cc(73)] ReadMemory at 0x1634632e510 of 62 bytes failed: Only part of a ReadProcessMemory or WriteProcessMemory request was completed. (0x12B)
[0814/174704.837:ERROR:process_memory_win.cc(73)] ReadMemory at 0x1634632e5b0 of 64 bytes failed: Only part of a ReadProcessMemory or WriteProcessMemory request was completed. (0x12B)
[0814/174704.837:ERROR:process_memory_win.cc(73)] ReadMemory at 0x1634632e600 of 66 bytes failed: Only part of a ReadProcessMemory or WriteProcessMemory request was completed. (0x12B)
[0814/174704.837:ERROR:process_memory_win.cc(73)] ReadMemory at 0x1634632e650 of 62 bytes failed: Only part of a ReadProcessMemory or WriteProcessMemory request was completed. (0x12B)
[0814/174704.837:ERROR:process_memory_win.cc(73)] ReadMemory at 0x1634632e6a0 of 64 bytes failed: Only part of a ReadProcessMemory or WriteProcessMemory request was completed. (0x12B)
[0814/174704.838:ERROR:process_memory_win.cc(73)] ReadMemory at 0x1634632e6f0 of 62 bytes failed: Only part of a ReadProcessMemory or WriteProcessMemory request was completed. (0x12B)
[0814/174704.838:ERROR:process_memory_win.cc(73)] ReadMemory at 0x1634632e790 of 62 bytes failed: Only part of a ReadProcessMemory or WriteProcessMemory request was completed. (0x12B)
[0814/174704.838:ERROR:process_memory_win.cc(73)] ReadMemory at 0x1634632e7e0 of 64 bytes failed: Only part of a ReadProcessMemory or WriteProcessMemory request was completed. (0x12B)
[0814/174704.838:ERROR:process_memory_win.cc(73)] ReadMemory at 0x1634632e830 of 64 bytes failed: Only part of a ReadProcessMemory or WriteProcessMemory request was completed. (0x12B)
[0814/174704.838:ERROR:process_memory_win.cc(73)] ReadMemory at 0x16346330ae0 of 132 bytes failed: Only part of a ReadProcessMemory or WriteProcessMemory request was completed. (0x12B)
[0814/174704.838:ERROR:process_memory_win.cc(73)] ReadMemory at 0x16346330d50 of 132 bytes failed: Only part of a ReadProcessMemory or WriteProcessMemory request was completed. (0x12B)
[0814/174704.838:ERROR:process_memory_win.cc(73)] ReadMemory at 0x16346330f30 of 76 bytes failed: Only part of a ReadProcessMemory or WriteProcessMemory request was completed. (0x12B)
[0814/174704.838:ERROR:process_memory_win.cc(73)] ReadMemory at 0x163463316b0 of 80 bytes failed: Only part of a ReadProcessMemory or WriteProcessMemory request was completed. (0x12B)
[0814/174704.838:ERROR:process_memory_win.cc(73)] ReadMemory at 0x16346331ee0 of 132 bytes failed: Only part of a ReadProcessMemory or WriteProcessMemory request was completed. (0x12B)
[0814/174704.838:ERROR:process_memory_win.cc(73)] ReadMemory at 0x16346332010 of 132 bytes failed: Only part of a ReadProcessMemory or WriteProcessMemory request was completed. (0x12B)
[0814/174704.838:ERROR:process_memory_win.cc(73)] ReadMemory at 0x16346332140 of 132 bytes failed: Only part of a ReadProcessMemory or WriteProcessMemory request was completed. (0x12B)
[0814/174704.838:ERROR:process_memory_win.cc(73)] ReadMemory at 0x163463323a0 of 132 bytes failed: Only part of a ReadProcessMemory or WriteProcessMemory request was completed. (0x12B)
[0814/174704.838:ERROR:process_memory_win.cc(73)] ReadMemory at 0x16346332730 of 132 bytes failed: Only part of a ReadProcessMemory or WriteProcessMemory request was completed. (0x12B)
[0814/174704.838:ERROR:process_memory_win.cc(73)] ReadMemory at 0x16346332bf0 of 132 bytes failed: Only part of a ReadProcessMemory or WriteProcessMemory request was completed. (0x12B)
[0814/174704.838:ERROR:process_memory_win.cc(73)] ReadMemory at 0x163463337d0 of 132 bytes failed: Only part of a ReadProcessMemory or WriteProcessMemory request was completed. (0x12B)
[0814/174704.838:ERROR:process_memory_win.cc(73)] ReadMemory at 0x16346333900 of 132 bytes failed: Only part of a ReadProcessMemory or WriteProcessMemory request was completed. (0x12B)
[0814/174704.838:ERROR:process_memory_win.cc(73)] ReadMemory at 0x16346333a30 of 132 bytes failed: Only part of a ReadProcessMemory or WriteProcessMemory request was completed. (0x12B)
[0814/174704.838:ERROR:process_memory_win.cc(73)] ReadMemory at 0x16346333b60 of 132 bytes failed: Only part of a ReadProcessMemory or WriteProcessMemory request was completed. (0x12B)
[0814/174704.838:ERROR:process_memory_win.cc(73)] ReadMemory at 0x16346333c90 of 132 bytes failed: Only part of a ReadProcessMemory or WriteProcessMemory request was completed. (0x12B)
[0814/174704.838:ERROR:process_memory_win.cc(73)] ReadMemory at 0x1634639b990 of 512 bytes failed: Only part of a ReadProcessMemory or WriteProcessMemory request was completed. (0x12B)
[0814/174704.838:ERROR:process_memory_win.cc(73)] ReadMemory at 0x1634639f150 of 512 bytes failed: Only part of a ReadProcessMemory or WriteProcessMemory request was completed. (0x12B)
[0814/174704.838:ERROR:process_memory_win.cc(73)] ReadMemory at 0x1634639fb30 of 712 bytes failed: Only part of a ReadProcessMemory or WriteProcessMemory request was completed. (0x12B)
[0814/174704.839:ERROR:process_memory_win.cc(73)] ReadMemory at 0x163463a3200 of 512 bytes failed: Only part of a ReadProcessMemory or WriteProcessMemory request was completed. (0x12B)
[0814/174704.839:ERROR:process_memory_win.cc(73)] ReadMemory at 0x163463f8430 of 512 bytes failed: Only part of a ReadProcessMemory or WriteProcessMemory request was completed. (0x12B)
[0814/174704.839:ERROR:process_memory_win.cc(73)] ReadMemory at 0x16347c8bac0 of 512 bytes failed: Only part of a ReadProcessMemory or WriteProcessMemory request was completed. (0x12B)
[0814/174704.839:ERROR:process_memory_win.cc(73)] ReadMemory at 0x16347cb9450 of 512 bytes failed: Only part of a ReadProcessMemory or WriteProcessMemory request was completed. (0x12B)
[0814/174704.840:ERROR:process_memory_win.cc(73)] ReadMemory at 0x16347cd0910 of 512 bytes failed: Only part of a ReadProcessMemory or WriteProcessMemory request was completed. (0x12B)
[0814/174704.840:ERROR:process_memory_win.cc(73)] ReadMemory at 0x16347df4660 of 512 bytes failed: Only part of a ReadProcessMemory or WriteProcessMemory request was completed. (0x12B)
[0814/174704.840:ERROR:process_memory_win.cc(73)] ReadMemory at 0x484a9fc0bf98 of 512 bytes failed: Only part of a ReadProcessMemory or WriteProcessMemory request was completed. (0x12B)
[0814/174704.840:ERROR:process_memory_win.cc(73)] ReadMemory at 0x484a9fc30980 of 512 bytes failed: Only part of a ReadProcessMemory or WriteProcessMemory request was completed. (0x12B)
[0814/174704.840:ERROR:process_memory_win.cc(73)] ReadMemory at 0x7ffc9cf8979c of 512 bytes failed: Only part of a ReadProcessMemory or WriteProcessMemory request was completed. (0x12B)
[0814/174704.840:ERROR:process_memory_win.cc(73)] ReadMemory at 0x7ffca12b1198 of 512 bytes failed: Only part of a ReadProcessMemory or WriteProcessMemory request was completed. (0x12B)
[0814/174704.840:ERROR:process_memory_win.cc(73)] ReadMemory at 0x7ffca23033c8 of 512 bytes failed: Only part of a ReadProcessMemory or WriteProcessMemory request was completed. (0x12B)
[0814/174704.840:ERROR:process_memory_win.cc(73)] ReadMemory at 0x7ffd00bca719 of 512 bytes failed: Only part of a ReadProcessMemory or WriteProcessMemory request was completed. (0x12B)
[0814/174704.840:ERROR:process_memory_win.cc(73)] ReadMemory at 0x7ffd00dfc720 of 512 bytes failed: Only part of a ReadProcessMemory or WriteProcessMemory request was completed. (0x12B)
[0814/174704.840:ERROR:process_memory_win.cc(73)] ReadMemory at 0x7ffd039bc074 of 672 bytes failed: Only part of a ReadProcessMemory or WriteProcessMemory request was completed. (0x12B)
[0814/174704.840:ERROR:process_memory_win.cc(73)] ReadMemory at 0x7ffd039bc674 of 512 bytes failed: Only part of a ReadProcessMemory or WriteProcessMemory request was completed. (0x12B)
[0814/174704.840:ERROR:process_memory_win.cc(73)] ReadMemory at 0x7ffd039bf924 of 608 bytes failed: Only part of a ReadProcessMemory or WriteProcessMemory request was completed. (0x12B)
[0814/174704.840:ERROR:process_memory_win.cc(73)] ReadMemory at 0x7ffd03a4c428 of 18 bytes failed: Only part of a ReadProcessMemory or WriteProcessMemory request was completed. (0x12B)
[0814/174704.840:ERROR:process_memory_win.cc(73)] ReadMemory at 0x7ffd03a7f4f8 of 40 bytes failed: Only part of a ReadProcessMemory or WriteProcessMemory request was completed. (0x12B)
[0814/174704.840:ERROR:process_memory_win.cc(73)] ReadMemory at 0x7ffd03a7f978 of 48 bytes failed: Only part of a ReadProcessMemory or WriteProcessMemory request was completed. (0x12B)
[0814/174704.840:ERROR:process_memory_win.cc(73)] ReadMemory at 0x7ffd03a853c0 of 64 bytes failed: Only part of a ReadProcessMemory or WriteProcessMemory request was completed. (0x12B)
[0814/174704.842:ERROR:scoped_process_suspend.cc(40)] NtResumeProcess: An attempt was made to access an exiting process. (0xc000010a)
[0822/184633.487:ERROR:process_info.cc(359)] UncheckedAllocate
[0822/212937.930:ERROR:process_info.cc(359)] UncheckedAllocate
[0829/101618.692:ERROR:file_io.cc(89)] ReadExactly: expected 36, observed 0
